{"D:\\projects\\webpack\\fileMock.js": {"path":"D:\\projects\\webpack\\fileMock.js","statementMap":{"0":{"start":{"line":1,"column":0},"end":{"line":1,"column":20}}},"fnMap":{},"branchMap":{},"s":{"0":14},"f":{},"b":{},"_coverageSchema":"1a1c01bbd47fc00a2c39e90264f33305004495a9","hash":"1d6522efcd0f7369a1941563b34dbb2caa71ceb3"}
,"D:\\projects\\webpack\\styleMock.js": {"path":"D:\\projects\\webpack\\styleMock.js","statementMap":{"0":{"start":{"line":1,"column":0},"end":{"line":1,"column":20}}},"fnMap":{},"branchMap":{},"s":{"0":14},"f":{},"b":{},"_coverageSchema":"1a1c01bbd47fc00a2c39e90264f33305004495a9","hash":"8cc9142fde5c0c6380561060323e4a38e8952c36"}
,"D:\\projects\\webpack\\src\\components\\index.js": {"path":"D:\\projects\\webpack\\src\\components\\index.js","statementMap":{},"fnMap":{},"branchMap":{},"s":{},"f":{},"b":{},"_coverageSchema":"1a1c01bbd47fc00a2c39e90264f33305004495a9","hash":"a022994ed8a0140a2c48d70e7aca033e6cd80033"}
,"D:\\projects\\webpack\\src\\components\\Error\\Error.jsx": {"path":"D:\\projects\\webpack\\src\\components\\Error\\Error.jsx","statementMap":{"0":{"start":{"line":5,"column":4},"end":{"line":5,"column":17}},"1":{"start":{"line":6,"column":4},"end":{"line":6,"column":37}},"2":{"start":{"line":10,"column":4},"end":{"line":10,"column":38}},"3":{"start":{"line":14,"column":4},"end":{"line":16,"column":5}},"4":{"start":{"line":15,"column":6},"end":{"line":15,"column":44}},"5":{"start":{"line":18,"column":4},"end":{"line":18,"column":31}}},"fnMap":{"0":{"name":"(anonymous_0)","decl":{"start":{"line":4,"column":2},"end":{"line":4,"column":3}},"loc":{"start":{"line":4,"column":21},"end":{"line":7,"column":3}},"line":4},"1":{"name":"(anonymous_1)","decl":{"start":{"line":9,"column":2},"end":{"line":9,"column":3}},"loc":{"start":{"line":9,"column":22},"end":{"line":11,"column":3}},"line":9},"2":{"name":"(anonymous_2)","decl":{"start":{"line":13,"column":2},"end":{"line":13,"column":3}},"loc":{"start":{"line":13,"column":11},"end":{"line":19,"column":3}},"line":13}},"branchMap":{"0":{"loc":{"start":{"line":14,"column":4},"end":{"line":16,"column":5}},"type":"if","locations":[{"start":{"line":14,"column":4},"end":{"line":16,"column":5}},{"start":{},"end":{}}],"line":14}},"s":{"0":1,"1":1,"2":0,"3":1,"4":0,"5":1},"f":{"0":1,"1":0,"2":1},"b":{"0":[0,1]},"_coverageSchema":"1a1c01bbd47fc00a2c39e90264f33305004495a9","hash":"ce629072f01079675141684d3ac11ad64da82fff"}
,"D:\\projects\\webpack\\src\\components\\Footer\\Footer.jsx": {"path":"D:\\projects\\webpack\\src\\components\\Footer\\Footer.jsx","statementMap":{"0":{"start":{"line":5,"column":15},"end":{"line":12,"column":1}},"1":{"start":{"line":6,"column":2},"end":{"line":11,"column":4}}},"fnMap":{"0":{"name":"(anonymous_0)","decl":{"start":{"line":5,"column":15},"end":{"line":5,"column":16}},"loc":{"start":{"line":5,"column":21},"end":{"line":12,"column":1}},"line":5}},"branchMap":{},"s":{"0":14,"1":1},"f":{"0":1},"b":{},"_coverageSchema":"1a1c01bbd47fc00a2c39e90264f33305004495a9","hash":"ffb837b8f0a11968744e03517d6f67d296097bf1"}
,"D:\\projects\\webpack\\src\\components\\Header\\ClickedPoster.jsx": {"path":"D:\\projects\\webpack\\src\\components\\Header\\ClickedPoster.jsx","statementMap":{"0":{"start":{"line":7,"column":22},"end":{"line":96,"column":1}},"1":{"start":{"line":8,"column":16},"end":{"line":8,"column":27}},"2":{"start":{"line":9,"column":28},"end":{"line":9,"column":42}},"3":{"start":{"line":11,"column":2},"end":{"line":17,"column":17}},"4":{"start":{"line":12,"column":4},"end":{"line":16,"column":9}},"5":{"start":{"line":13,"column":21},"end":{"line":13,"column":31}},"6":{"start":{"line":15,"column":8},"end":{"line":15,"column":23}},"7":{"start":{"line":19,"column":2},"end":{"line":58,"column":3}},"8":{"start":{"line":20,"column":4},"end":{"line":57,"column":6}},"9":{"start":{"line":60,"column":2},"end":{"line":95,"column":4}}},"fnMap":{"0":{"name":"(anonymous_0)","decl":{"start":{"line":7,"column":22},"end":{"line":7,"column":23}},"loc":{"start":{"line":7,"column":41},"end":{"line":96,"column":1}},"line":7},"1":{"name":"(anonymous_1)","decl":{"start":{"line":11,"column":12},"end":{"line":11,"column":13}},"loc":{"start":{"line":11,"column":18},"end":{"line":17,"column":3}},"line":11},"2":{"name":"(anonymous_2)","decl":{"start":{"line":13,"column":12},"end":{"line":13,"column":13}},"loc":{"start":{"line":13,"column":21},"end":{"line":13,"column":31}},"line":13},"3":{"name":"(anonymous_3)","decl":{"start":{"line":14,"column":12},"end":{"line":14,"column":13}},"loc":{"start":{"line":14,"column":22},"end":{"line":16,"column":7}},"line":14}},"branchMap":{"0":{"loc":{"start":{"line":19,"column":2},"end":{"line":58,"column":3}},"type":"if","locations":[{"start":{"line":19,"column":2},"end":{"line":58,"column":3}},{"start":{},"end":{}}],"line":19},"1":{"loc":{"start":{"line":24,"column":9},"end":{"line":55,"column":9}},"type":"binary-expr","locations":[{"start":{"line":24,"column":9},"end":{"line":24,"column":18}},{"start":{"line":25,"column":10},"end":{"line":54,"column":16}}],"line":24},"2":{"loc":{"start":{"line":46,"column":19},"end":{"line":48,"column":29}},"type":"cond-expr","locations":[{"start":{"line":47,"column":22},"end":{"line":47,"column":62}},{"start":{"line":48,"column":22},"end":{"line":48,"column":29}}],"line":46},"3":{"loc":{"start":{"line":64,"column":7},"end":{"line":93,"column":7}},"type":"binary-expr","locations":[{"start":{"line":64,"column":7},"end":{"line":64,"column":12}},{"start":{"line":65,"column":8},"end":{"line":92,"column":14}}],"line":64},"4":{"loc":{"start":{"line":84,"column":17},"end":{"line":86,"column":27}},"type":"cond-expr","locations":[{"start":{"line":85,"column":20},"end":{"line":85,"column":56}},{"start":{"line":86,"column":20},"end":{"line":86,"column":27}}],"line":84}},"s":{"0":14,"1":0,"2":0,"3":0,"4":0,"5":0,"6":0,"7":0,"8":0,"9":0},"f":{"0":0,"1":0,"2":0,"3":0},"b":{"0":[0,0],"1":[0,0],"2":[0,0],"3":[0,0],"4":[0,0]},"_coverageSchema":"1a1c01bbd47fc00a2c39e90264f33305004495a9","hash":"716ef53f577f3b6763619cd3d5d0658a60da09c2"}
,"D:\\projects\\webpack\\src\\components\\Header\\Header.jsx": {"path":"D:\\projects\\webpack\\src\\components\\Header\\Header.jsx","statementMap":{"0":{"start":{"line":11,"column":15},"end":{"line":87,"column":1}},"1":{"start":{"line":12,"column":38},"end":{"line":12,"column":53}},"2":{"start":{"line":13,"column":23},"end":{"line":13,"column":65}},"3":{"start":{"line":13,"column":46},"end":{"line":13,"column":64}},"4":{"start":{"line":14,"column":28},"end":{"line":14,"column":42}},"5":{"start":{"line":15,"column":17},"end":{"line":15,"column":28}},"6":{"start":{"line":16,"column":2},"end":{"line":16,"column":28}},"7":{"start":{"line":17,"column":19},"end":{"line":17,"column":32}},"8":{"start":{"line":18,"column":32},"end":{"line":18,"column":46}},"9":{"start":{"line":20,"column":2},"end":{"line":26,"column":26}},"10":{"start":{"line":21,"column":4},"end":{"line":25,"column":6}},"11":{"start":{"line":27,"column":2},"end":{"line":86,"column":4}}},"fnMap":{"0":{"name":"(anonymous_0)","decl":{"start":{"line":11,"column":15},"end":{"line":11,"column":16}},"loc":{"start":{"line":11,"column":36},"end":{"line":87,"column":1}},"line":11},"1":{"name":"(anonymous_1)","decl":{"start":{"line":13,"column":35},"end":{"line":13,"column":36}},"loc":{"start":{"line":13,"column":46},"end":{"line":13,"column":64}},"line":13},"2":{"name":"(anonymous_2)","decl":{"start":{"line":16,"column":12},"end":{"line":16,"column":13}},"loc":{"start":{"line":16,"column":18},"end":{"line":16,"column":20}},"line":16},"3":{"name":"(anonymous_3)","decl":{"start":{"line":20,"column":12},"end":{"line":20,"column":13}},"loc":{"start":{"line":20,"column":18},"end":{"line":26,"column":3}},"line":20}},"branchMap":{"0":{"loc":{"start":{"line":28,"column":20},"end":{"line":28,"column":68}},"type":"cond-expr","locations":[{"start":{"line":28,"column":38},"end":{"line":28,"column":57}},{"start":{"line":28,"column":60},"end":{"line":28,"column":68}}],"line":28}},"s":{"0":14,"1":2,"2":2,"3":2,"4":2,"5":2,"6":2,"7":2,"8":2,"9":2,"10":1,"11":2},"f":{"0":2,"1":2,"2":1,"3":1},"b":{"0":[1,1]},"_coverageSchema":"1a1c01bbd47fc00a2c39e90264f33305004495a9","hash":"318354c0ed604654ef7a7085d0cf18a880146897"}
,"D:\\projects\\webpack\\src\\components\\Header\\Navbar.jsx": {"path":"D:\\projects\\webpack\\src\\components\\Header\\Navbar.jsx","statementMap":{"0":{"start":{"line":11,"column":15},"end":{"line":45,"column":1}},"1":{"start":{"line":12,"column":19},"end":{"line":12,"column":32}},"2":{"start":{"line":13,"column":19},"end":{"line":13,"column":32}},"3":{"start":{"line":14,"column":2},"end":{"line":44,"column":4}},"4":{"start":{"line":37,"column":12},"end":{"line":37,"column":42}},"5":{"start":{"line":38,"column":12},"end":{"line":38,"column":32}}},"fnMap":{"0":{"name":"(anonymous_0)","decl":{"start":{"line":11,"column":15},"end":{"line":11,"column":16}},"loc":{"start":{"line":11,"column":58},"end":{"line":45,"column":1}},"line":11},"1":{"name":"(anonymous_1)","decl":{"start":{"line":36,"column":19},"end":{"line":36,"column":20}},"loc":{"start":{"line":36,"column":25},"end":{"line":39,"column":11}},"line":36}},"branchMap":{"0":{"loc":{"start":{"line":23,"column":7},"end":{"line":30,"column":7}},"type":"binary-expr","locations":[{"start":{"line":23,"column":7},"end":{"line":23,"column":13}},{"start":{"line":24,"column":8},"end":{"line":29,"column":10}}],"line":23},"1":{"loc":{"start":{"line":31,"column":7},"end":{"line":42,"column":7}},"type":"binary-expr","locations":[{"start":{"line":31,"column":7},"end":{"line":31,"column":17}},{"start":{"line":32,"column":8},"end":{"line":41,"column":10}}],"line":31}},"s":{"0":14,"1":6,"2":6,"3":6,"4":0,"5":0},"f":{"0":6,"1":0},"b":{"0":[6,4],"1":[6,2]},"_coverageSchema":"1a1c01bbd47fc00a2c39e90264f33305004495a9","hash":"7d11917bfda8917189e18334ca0d4c1645d6db61"}
,"D:\\projects\\webpack\\src\\components\\Header\\Search.jsx": {"path":"D:\\projects\\webpack\\src\\components\\Header\\Search.jsx","statementMap":{"0":{"start":{"line":7,"column":15},"end":{"line":51,"column":1}},"1":{"start":{"line":8,"column":40},"end":{"line":8,"column":52}},"2":{"start":{"line":9,"column":19},"end":{"line":9,"column":32}},"3":{"start":{"line":10,"column":24},"end":{"line":10,"column":35}},"4":{"start":{"line":11,"column":44},"end":{"line":11,"column":56}},"5":{"start":{"line":12,"column":2},"end":{"line":14,"column":18}},"6":{"start":{"line":13,"column":4},"end":{"line":13,"column":32}},"7":{"start":{"line":16,"column":2},"end":{"line":50,"column":4}},"8":{"start":{"line":23,"column":8},"end":{"line":23,"column":48}},"9":{"start":{"line":27,"column":8},"end":{"line":47,"column":15}}},"fnMap":{"0":{"name":"(anonymous_0)","decl":{"start":{"line":7,"column":15},"end":{"line":7,"column":16}},"loc":{"start":{"line":7,"column":21},"end":{"line":51,"column":1}},"line":7},"1":{"name":"(anonymous_1)","decl":{"start":{"line":12,"column":12},"end":{"line":12,"column":13}},"loc":{"start":{"line":12,"column":18},"end":{"line":14,"column":3}},"line":12},"2":{"name":"(anonymous_2)","decl":{"start":{"line":22,"column":16},"end":{"line":22,"column":17}},"loc":{"start":{"line":22,"column":41},"end":{"line":24,"column":7}},"line":22},"3":{"name":"(anonymous_3)","decl":{"start":{"line":26,"column":7},"end":{"line":26,"column":8}},"loc":{"start":{"line":27,"column":8},"end":{"line":47,"column":15}},"line":27}},"branchMap":{"0":{"loc":{"start":{"line":19,"column":21},"end":{"line":19,"column":40}},"type":"binary-expr","locations":[{"start":{"line":19,"column":21},"end":{"line":19,"column":34}},{"start":{"line":19,"column":38},"end":{"line":19,"column":40}}],"line":19}},"s":{"0":14,"1":7,"2":7,"3":7,"4":7,"5":7,"6":3,"7":7,"8":1,"9":15},"f":{"0":7,"1":3,"2":1,"3":15},"b":{"0":[7,7]},"_coverageSchema":"1a1c01bbd47fc00a2c39e90264f33305004495a9","hash":"2e326813a806efa0732a9d14902aa718fe86213b"}
,"D:\\projects\\webpack\\src\\components\\Helper\\Button.jsx": {"path":"D:\\projects\\webpack\\src\\components\\Helper\\Button.jsx","statementMap":{"0":{"start":{"line":5,"column":15},"end":{"line":17,"column":1}},"1":{"start":{"line":6,"column":37},"end":{"line":6,"column":42}},"2":{"start":{"line":7,"column":2},"end":{"line":16,"column":4}},"3":{"start":{"line":11,"column":21},"end":{"line":11,"column":34}},"4":{"start":{"line":19,"column":0},"end":{"line":22,"column":2}}},"fnMap":{"0":{"name":"(anonymous_0)","decl":{"start":{"line":5,"column":15},"end":{"line":5,"column":16}},"loc":{"start":{"line":5,"column":26},"end":{"line":17,"column":1}},"line":5},"1":{"name":"(anonymous_1)","decl":{"start":{"line":11,"column":15},"end":{"line":11,"column":16}},"loc":{"start":{"line":11,"column":21},"end":{"line":11,"column":34}},"line":11}},"branchMap":{},"s":{"0":14,"1":8,"2":5,"3":1,"4":14},"f":{"0":8,"1":1},"b":{},"_coverageSchema":"1a1c01bbd47fc00a2c39e90264f33305004495a9","hash":"764740625016c6c920521404bb1082085387d348"}
,"D:\\projects\\webpack\\src\\components\\Helper\\InputForm.jsx": {"path":"D:\\projects\\webpack\\src\\components\\Helper\\InputForm.jsx","statementMap":{"0":{"start":{"line":3,"column":18},"end":{"line":12,"column":1}},"1":{"start":{"line":4,"column":26},"end":{"line":4,"column":31}},"2":{"start":{"line":6,"column":2},"end":{"line":11,"column":4}}},"fnMap":{"0":{"name":"(anonymous_0)","decl":{"start":{"line":3,"column":18},"end":{"line":3,"column":19}},"loc":{"start":{"line":3,"column":56},"end":{"line":12,"column":1}},"line":3}},"branchMap":{},"s":{"0":14,"1":41,"2":41},"f":{"0":41},"b":{},"_coverageSchema":"1a1c01bbd47fc00a2c39e90264f33305004495a9","hash":"5ef073436692afdc065bb9f47ed5eaf7ef746299"}
,"D:\\projects\\webpack\\src\\components\\Helper\\InputTextarea.jsx": {"path":"D:\\projects\\webpack\\src\\components\\Helper\\InputTextarea.jsx","statementMap":{"0":{"start":{"line":3,"column":22},"end":{"line":11,"column":1}},"1":{"start":{"line":4,"column":20},"end":{"line":4,"column":25}},"2":{"start":{"line":5,"column":2},"end":{"line":10,"column":4}}},"fnMap":{"0":{"name":"(anonymous_0)","decl":{"start":{"line":3,"column":22},"end":{"line":3,"column":23}},"loc":{"start":{"line":3,"column":47},"end":{"line":11,"column":1}},"line":3}},"branchMap":{},"s":{"0":14,"1":9,"2":9},"f":{"0":9},"b":{},"_coverageSchema":"1a1c01bbd47fc00a2c39e90264f33305004495a9","hash":"c27392c8064f349fb7a1ad925892ad7f1ab7d036"}
,"D:\\projects\\webpack\\src\\components\\Helper\\Select.jsx": {"path":"D:\\projects\\webpack\\src\\components\\Helper\\Select.jsx","statementMap":{"0":{"start":{"line":8,"column":15},"end":{"line":38,"column":1}},"1":{"start":{"line":9,"column":30},"end":{"line":9,"column":51}},"2":{"start":{"line":10,"column":20},"end":{"line":10,"column":59}},"3":{"start":{"line":10,"column":43},"end":{"line":10,"column":58}},"4":{"start":{"line":12,"column":2},"end":{"line":37,"column":4}},"5":{"start":{"line":20,"column":25},"end":{"line":20,"column":51}},"6":{"start":{"line":20,"column":45},"end":{"line":20,"column":50}},"7":{"start":{"line":28,"column":14},"end":{"line":31,"column":20}}},"fnMap":{"0":{"name":"(anonymous_0)","decl":{"start":{"line":8,"column":15},"end":{"line":8,"column":16}},"loc":{"start":{"line":8,"column":47},"end":{"line":38,"column":1}},"line":8},"1":{"name":"(anonymous_1)","decl":{"start":{"line":10,"column":32},"end":{"line":10,"column":33}},"loc":{"start":{"line":10,"column":43},"end":{"line":10,"column":58}},"line":10},"2":{"name":"(anonymous_2)","decl":{"start":{"line":20,"column":19},"end":{"line":20,"column":20}},"loc":{"start":{"line":20,"column":25},"end":{"line":20,"column":51}},"line":20},"3":{"name":"(anonymous_3)","decl":{"start":{"line":20,"column":35},"end":{"line":20,"column":36}},"loc":{"start":{"line":20,"column":45},"end":{"line":20,"column":50}},"line":20},"4":{"name":"(anonymous_4)","decl":{"start":{"line":27,"column":27},"end":{"line":27,"column":28}},"loc":{"start":{"line":28,"column":14},"end":{"line":31,"column":20}},"line":28}},"branchMap":{"0":{"loc":{"start":{"line":23,"column":38},"end":{"line":23,"column":63}},"type":"cond-expr","locations":[{"start":{"line":23,"column":48},"end":{"line":23,"column":58}},{"start":{"line":23,"column":61},"end":{"line":23,"column":63}}],"line":23},"1":{"loc":{"start":{"line":25,"column":9},"end":{"line":34,"column":9}},"type":"binary-expr","locations":[{"start":{"line":25,"column":9},"end":{"line":25,"column":15}},{"start":{"line":26,"column":10},"end":{"line":33,"column":16}}],"line":25}},"s":{"0":14,"1":9,"2":9,"3":9,"4":9,"5":0,"6":0,"7":0},"f":{"0":9,"1":9,"2":0,"3":0,"4":0},"b":{"0":[9,0],"1":[9,0]},"_coverageSchema":"1a1c01bbd47fc00a2c39e90264f33305004495a9","hash":"b939a93f90f4c815434ea1bba69ff03d2d52549b"}
,"D:\\projects\\webpack\\src\\components\\Main\\Genre.jsx": {"path":"D:\\projects\\webpack\\src\\components\\Main\\Genre.jsx","statementMap":{"0":{"start":{"line":9,"column":14},"end":{"line":42,"column":1}},"1":{"start":{"line":10,"column":20},"end":{"line":10,"column":59}},"2":{"start":{"line":10,"column":43},"end":{"line":10,"column":58}},"3":{"start":{"line":11,"column":19},"end":{"line":11,"column":32}},"4":{"start":{"line":12,"column":25},"end":{"line":12,"column":42}},"5":{"start":{"line":13,"column":20},"end":{"line":13,"column":57}},"6":{"start":{"line":14,"column":2},"end":{"line":41,"column":4}},"7":{"start":{"line":19,"column":25},"end":{"line":19,"column":44}},"8":{"start":{"line":25,"column":12},"end":{"line":36,"column":17}},"9":{"start":{"line":32,"column":16},"end":{"line":32,"column":74}}},"fnMap":{"0":{"name":"(anonymous_0)","decl":{"start":{"line":9,"column":14},"end":{"line":9,"column":15}},"loc":{"start":{"line":9,"column":20},"end":{"line":42,"column":1}},"line":9},"1":{"name":"(anonymous_1)","decl":{"start":{"line":10,"column":32},"end":{"line":10,"column":33}},"loc":{"start":{"line":10,"column":43},"end":{"line":10,"column":58}},"line":10},"2":{"name":"(anonymous_2)","decl":{"start":{"line":19,"column":19},"end":{"line":19,"column":20}},"loc":{"start":{"line":19,"column":25},"end":{"line":19,"column":44}},"line":19},"3":{"name":"(anonymous_3)","decl":{"start":{"line":24,"column":24},"end":{"line":24,"column":25}},"loc":{"start":{"line":25,"column":12},"end":{"line":36,"column":17}},"line":25},"4":{"name":"(anonymous_4)","decl":{"start":{"line":31,"column":23},"end":{"line":31,"column":24}},"loc":{"start":{"line":32,"column":16},"end":{"line":32,"column":74}},"line":32}},"branchMap":{"0":{"loc":{"start":{"line":18,"column":21},"end":{"line":18,"column":43}},"type":"cond-expr","locations":[{"start":{"line":18,"column":30},"end":{"line":18,"column":38}},{"start":{"line":18,"column":41},"end":{"line":18,"column":43}}],"line":18},"1":{"loc":{"start":{"line":23,"column":9},"end":{"line":37,"column":12}},"type":"binary-expr","locations":[{"start":{"line":23,"column":9},"end":{"line":23,"column":18}},{"start":{"line":24,"column":10},"end":{"line":37,"column":12}}],"line":23},"2":{"loc":{"start":{"line":27,"column":16},"end":{"line":27,"column":71}},"type":"cond-expr","locations":[{"start":{"line":27,"column":58},"end":{"line":27,"column":66}},{"start":{"line":27,"column":69},"end":{"line":27,"column":71}}],"line":27}},"s":{"0":14,"1":1,"2":1,"3":1,"4":1,"5":1,"6":1,"7":0,"8":4,"9":0},"f":{"0":1,"1":1,"2":0,"3":4,"4":0},"b":{"0":[1,0],"1":[1,1],"2":[0,4]},"_coverageSchema":"1a1c01bbd47fc00a2c39e90264f33305004495a9","hash":"14c6e1a99194de7224acadb3eb9a35f5a3bdacb4"}
,"D:\\projects\\webpack\\src\\components\\Main\\Main.jsx": {"path":"D:\\projects\\webpack\\src\\components\\Main\\Main.jsx","statementMap":{"0":{"start":{"line":8,"column":13},"end":{"line":44,"column":1}},"1":{"start":{"line":9,"column":19},"end":{"line":9,"column":32}},"2":{"start":{"line":10,"column":2},"end":{"line":43,"column":4}}},"fnMap":{"0":{"name":"(anonymous_0)","decl":{"start":{"line":8,"column":13},"end":{"line":8,"column":14}},"loc":{"start":{"line":8,"column":19},"end":{"line":44,"column":1}},"line":8}},"branchMap":{},"s":{"0":14,"1":0,"2":0},"f":{"0":0},"b":{},"_coverageSchema":"1a1c01bbd47fc00a2c39e90264f33305004495a9","hash":"d35069deb98240f29f7e2e42d8644215e27c9798"}
,"D:\\projects\\webpack\\src\\components\\Main\\MovieCard.jsx": {"path":"D:\\projects\\webpack\\src\\components\\Main\\MovieCard.jsx","statementMap":{"0":{"start":{"line":22,"column":18},"end":{"line":160,"column":1}},"1":{"start":{"line":33,"column":34},"end":{"line":33,"column":55}},"2":{"start":{"line":34,"column":36},"end":{"line":34,"column":57}},"3":{"start":{"line":35,"column":40},"end":{"line":35,"column":61}},"4":{"start":{"line":36,"column":19},"end":{"line":36,"column":32}},"5":{"start":{"line":37,"column":31},"end":{"line":37,"column":44}},"6":{"start":{"line":38,"column":16},"end":{"line":38,"column":27}},"7":{"start":{"line":39,"column":19},"end":{"line":39,"column":32}},"8":{"start":{"line":41,"column":26},"end":{"line":44,"column":3}},"9":{"start":{"line":42,"column":4},"end":{"line":42,"column":33}},"10":{"start":{"line":42,"column":26},"end":{"line":42,"column":31}},"11":{"start":{"line":43,"column":4},"end":{"line":43,"column":24}},"12":{"start":{"line":46,"column":25},"end":{"line":60,"column":3}},"13":{"start":{"line":47,"column":19},"end":{"line":47,"column":51}},"14":{"start":{"line":48,"column":4},"end":{"line":59,"column":5}},"15":{"start":{"line":50,"column":8},"end":{"line":50,"column":27}},"16":{"start":{"line":51,"column":8},"end":{"line":51,"column":27}},"17":{"start":{"line":52,"column":8},"end":{"line":52,"column":14}},"18":{"start":{"line":54,"column":8},"end":{"line":54,"column":29}},"19":{"start":{"line":55,"column":8},"end":{"line":55,"column":27}},"20":{"start":{"line":56,"column":8},"end":{"line":56,"column":14}},"21":{"start":{"line":58,"column":8},"end":{"line":58,"column":20}},"22":{"start":{"line":61,"column":2},"end":{"line":159,"column":4}},"23":{"start":{"line":98,"column":10},"end":{"line":98,"column":45}},"24":{"start":{"line":117,"column":26},"end":{"line":117,"column":44}},"25":{"start":{"line":121,"column":55},"end":{"line":121,"column":74}},"26":{"start":{"line":122,"column":55},"end":{"line":122,"column":73}},"27":{"start":{"line":125,"column":30},"end":{"line":125,"column":47}},"28":{"start":{"line":130,"column":18},"end":{"line":141,"column":20}},"29":{"start":{"line":149,"column":18},"end":{"line":149,"column":51}},"30":{"start":{"line":162,"column":0},"end":{"line":166,"column":2}}},"fnMap":{"0":{"name":"(anonymous_0)","decl":{"start":{"line":22,"column":18},"end":{"line":22,"column":19}},"loc":{"start":{"line":32,"column":6},"end":{"line":160,"column":1}},"line":32},"1":{"name":"(anonymous_1)","decl":{"start":{"line":41,"column":26},"end":{"line":41,"column":27}},"loc":{"start":{"line":41,"column":33},"end":{"line":44,"column":3}},"line":41},"2":{"name":"(anonymous_2)","decl":{"start":{"line":42,"column":16},"end":{"line":42,"column":17}},"loc":{"start":{"line":42,"column":26},"end":{"line":42,"column":31}},"line":42},"3":{"name":"(anonymous_3)","decl":{"start":{"line":46,"column":25},"end":{"line":46,"column":26}},"loc":{"start":{"line":46,"column":32},"end":{"line":60,"column":3}},"line":46},"4":{"name":"(anonymous_4)","decl":{"start":{"line":84,"column":17},"end":{"line":84,"column":18}},"loc":{"start":{"line":84,"column":23},"end":{"line":99,"column":9}},"line":84},"5":{"name":"(anonymous_5)","decl":{"start":{"line":117,"column":19},"end":{"line":117,"column":20}},"loc":{"start":{"line":117,"column":26},"end":{"line":117,"column":44}},"line":117},"6":{"name":"(anonymous_6)","decl":{"start":{"line":121,"column":48},"end":{"line":121,"column":49}},"loc":{"start":{"line":121,"column":55},"end":{"line":121,"column":74}},"line":121},"7":{"name":"(anonymous_7)","decl":{"start":{"line":122,"column":49},"end":{"line":122,"column":50}},"loc":{"start":{"line":122,"column":55},"end":{"line":122,"column":73}},"line":122},"8":{"name":"(anonymous_8)","decl":{"start":{"line":125,"column":23},"end":{"line":125,"column":24}},"loc":{"start":{"line":125,"column":30},"end":{"line":125,"column":47}},"line":125},"9":{"name":"(anonymous_9)","decl":{"start":{"line":129,"column":25},"end":{"line":129,"column":26}},"loc":{"start":{"line":129,"column":31},"end":{"line":142,"column":17}},"line":129},"10":{"name":"(anonymous_10)","decl":{"start":{"line":148,"column":25},"end":{"line":148,"column":26}},"loc":{"start":{"line":148,"column":31},"end":{"line":150,"column":17}},"line":148}},"branchMap":{"0":{"loc":{"start":{"line":48,"column":4},"end":{"line":59,"column":5}},"type":"switch","locations":[{"start":{"line":49,"column":6},"end":{"line":52,"column":14}},{"start":{"line":53,"column":6},"end":{"line":56,"column":14}},{"start":{"line":57,"column":6},"end":{"line":58,"column":20}}],"line":48},"1":{"loc":{"start":{"line":120,"column":9},"end":{"line":156,"column":9}},"type":"binary-expr","locations":[{"start":{"line":120,"column":9},"end":{"line":120,"column":17}},{"start":{"line":121,"column":10},"end":{"line":155,"column":16}}],"line":120}},"s":{"0":14,"1":3,"2":3,"3":3,"4":3,"5":3,"6":3,"7":3,"8":3,"9":2,"10":2,"11":2,"12":3,"13":0,"14":0,"15":0,"16":0,"17":0,"18":0,"19":0,"20":0,"21":0,"22":3,"23":0,"24":2,"25":0,"26":0,"27":0,"28":0,"29":0,"30":14},"f":{"0":3,"1":2,"2":2,"3":0,"4":0,"5":2,"6":0,"7":0,"8":0,"9":0,"10":0},"b":{"0":[0,0,0],"1":[3,1]},"_coverageSchema":"1a1c01bbd47fc00a2c39e90264f33305004495a9","hash":"e499624afd337039d95e6ee9f225bc9713a9a929"}
,"D:\\projects\\webpack\\src\\components\\Main\\MovieList.jsx": {"path":"D:\\projects\\webpack\\src\\components\\Main\\MovieList.jsx","statementMap":{"0":{"start":{"line":10,"column":18},"end":{"line":27,"column":1}},"1":{"start":{"line":11,"column":24},"end":{"line":11,"column":34}},"2":{"start":{"line":12,"column":2},"end":{"line":26,"column":4}},"3":{"start":{"line":21,"column":14},"end":{"line":21,"column":69}}},"fnMap":{"0":{"name":"(anonymous_0)","decl":{"start":{"line":10,"column":18},"end":{"line":10,"column":19}},"loc":{"start":{"line":10,"column":24},"end":{"line":27,"column":1}},"line":10},"1":{"name":"(anonymous_1)","decl":{"start":{"line":20,"column":17},"end":{"line":20,"column":18}},"loc":{"start":{"line":21,"column":14},"end":{"line":21,"column":69}},"line":21}},"branchMap":{"0":{"loc":{"start":{"line":14,"column":11},"end":{"line":14,"column":28}},"type":"binary-expr","locations":[{"start":{"line":14,"column":11},"end":{"line":14,"column":14}},{"start":{"line":14,"column":18},"end":{"line":14,"column":28}}],"line":14},"1":{"loc":{"start":{"line":17,"column":9},"end":{"line":22,"column":14}},"type":"binary-expr","locations":[{"start":{"line":17,"column":9},"end":{"line":17,"column":12}},{"start":{"line":18,"column":10},"end":{"line":22,"column":14}}],"line":17}},"s":{"0":14,"1":1,"2":1,"3":0},"f":{"0":1,"1":0},"b":{"0":[1,0],"1":[1,0]},"_coverageSchema":"1a1c01bbd47fc00a2c39e90264f33305004495a9","hash":"203559b883ac7d82a3436af62d4674635df0f635"}
,"D:\\projects\\webpack\\src\\components\\Main\\Sort.jsx": {"path":"D:\\projects\\webpack\\src\\components\\Main\\Sort.jsx","statementMap":{"0":{"start":{"line":7,"column":13},"end":{"line":46,"column":1}},"1":{"start":{"line":8,"column":42},"end":{"line":8,"column":59}},"2":{"start":{"line":9,"column":22},"end":{"line":9,"column":59}},"3":{"start":{"line":11,"column":30},"end":{"line":11,"column":44}},"4":{"start":{"line":12,"column":18},"end":{"line":16,"column":3}},"5":{"start":{"line":17,"column":2},"end":{"line":45,"column":4}},"6":{"start":{"line":22,"column":10},"end":{"line":41,"column":15}},"7":{"start":{"line":26,"column":36},"end":{"line":26,"column":69}},"8":{"start":{"line":32,"column":14},"end":{"line":35,"column":17}},"9":{"start":{"line":37,"column":14},"end":{"line":37,"column":33}}},"fnMap":{"0":{"name":"(anonymous_0)","decl":{"start":{"line":7,"column":13},"end":{"line":7,"column":14}},"loc":{"start":{"line":7,"column":19},"end":{"line":46,"column":1}},"line":7},"1":{"name":"(anonymous_1)","decl":{"start":{"line":21,"column":21},"end":{"line":21,"column":22}},"loc":{"start":{"line":22,"column":10},"end":{"line":41,"column":15}},"line":22},"2":{"name":"(anonymous_2)","decl":{"start":{"line":26,"column":27},"end":{"line":26,"column":28}},"loc":{"start":{"line":26,"column":36},"end":{"line":26,"column":69}},"line":26},"3":{"name":"(anonymous_3)","decl":{"start":{"line":31,"column":21},"end":{"line":31,"column":22}},"loc":{"start":{"line":31,"column":27},"end":{"line":38,"column":13}},"line":31}},"branchMap":{"0":{"loc":{"start":{"line":25,"column":14},"end":{"line":29,"column":20}},"type":"cond-expr","locations":[{"start":{"line":28,"column":18},"end":{"line":28,"column":26}},{"start":{"line":29,"column":18},"end":{"line":29,"column":20}}],"line":25},"1":{"loc":{"start":{"line":25,"column":14},"end":{"line":27,"column":23}},"type":"binary-expr","locations":[{"start":{"line":25,"column":14},"end":{"line":25,"column":32}},{"start":{"line":26,"column":14},"end":{"line":27,"column":23}}],"line":25}},"s":{"0":14,"1":1,"2":1,"3":1,"4":1,"5":1,"6":2,"7":0,"8":0,"9":0},"f":{"0":1,"1":2,"2":0,"3":0},"b":{"0":[0,2],"1":[2,0]},"_coverageSchema":"1a1c01bbd47fc00a2c39e90264f33305004495a9","hash":"92b2ffab0b74b65937fbfd0c870ea6fcc8dc22b2"}
,"D:\\projects\\webpack\\src\\components\\Modal\\AddModal.jsx": {"path":"D:\\projects\\webpack\\src\\components\\Modal\\AddModal.jsx","statementMap":{"0":{"start":{"line":14,"column":20},"end":{"line":24,"column":2}},"1":{"start":{"line":26,"column":17},"end":{"line":200,"column":1}},"2":{"start":{"line":27,"column":19},"end":{"line":27,"column":32}},"3":{"start":{"line":28,"column":31},"end":{"line":28,"column":60}},"4":{"start":{"line":28,"column":54},"end":{"line":28,"column":59}},"5":{"start":{"line":29,"column":2},"end":{"line":199,"column":4}},"6":{"start":{"line":47,"column":10},"end":{"line":72,"column":11}},"7":{"start":{"line":48,"column":12},"end":{"line":48,"column":56}},"8":{"start":{"line":49,"column":12},"end":{"line":64,"column":14}},"9":{"start":{"line":50,"column":14},"end":{"line":63,"column":15}},"10":{"start":{"line":51,"column":16},"end":{"line":62,"column":24}},"11":{"start":{"line":66,"column":12},"end":{"line":66,"column":24}},"12":{"start":{"line":67,"column":12},"end":{"line":67,"column":33}},"13":{"start":{"line":69,"column":12},"end":{"line":69,"column":38}},"14":{"start":{"line":76,"column":10},"end":{"line":195,"column":17}},"15":{"start":{"line":167,"column":18},"end":{"line":167,"column":30}},"16":{"start":{"line":168,"column":18},"end":{"line":168,"column":55}}},"fnMap":{"0":{"name":"(anonymous_0)","decl":{"start":{"line":26,"column":17},"end":{"line":26,"column":18}},"loc":{"start":{"line":26,"column":69},"end":{"line":200,"column":1}},"line":26},"1":{"name":"(anonymous_1)","decl":{"start":{"line":28,"column":43},"end":{"line":28,"column":44}},"loc":{"start":{"line":28,"column":54},"end":{"line":28,"column":59}},"line":28},"2":{"name":"(anonymous_2)","decl":{"start":{"line":46,"column":18},"end":{"line":46,"column":19}},"loc":{"start":{"line":46,"column":58},"end":{"line":73,"column":9}},"line":46},"3":{"name":"(anonymous_3)","decl":{"start":{"line":49,"column":19},"end":{"line":49,"column":20}},"loc":{"start":{"line":50,"column":14},"end":{"line":63,"column":15}},"line":50},"4":{"name":"(anonymous_4)","decl":{"start":{"line":50,"column":23},"end":{"line":50,"column":24}},"loc":{"start":{"line":51,"column":16},"end":{"line":62,"column":24}},"line":51},"5":{"name":"(anonymous_5)","decl":{"start":{"line":75,"column":9},"end":{"line":75,"column":10}},"loc":{"start":{"line":76,"column":10},"end":{"line":195,"column":17}},"line":76},"6":{"name":"(anonymous_6)","decl":{"start":{"line":166,"column":25},"end":{"line":166,"column":26}},"loc":{"start":{"line":166,"column":31},"end":{"line":169,"column":17}},"line":166}},"branchMap":{"0":{"loc":{"start":{"line":34,"column":22},"end":{"line":34,"column":68}},"type":"cond-expr","locations":[{"start":{"line":34,"column":41},"end":{"line":34,"column":63}},{"start":{"line":34,"column":66},"end":{"line":34,"column":68}}],"line":34},"1":{"loc":{"start":{"line":35,"column":28},"end":{"line":37,"column":16}},"type":"cond-expr","locations":[{"start":{"line":36,"column":14},"end":{"line":36,"column":43}},{"start":{"line":37,"column":14},"end":{"line":37,"column":16}}],"line":35},"2":{"loc":{"start":{"line":38,"column":20},"end":{"line":38,"column":72}},"type":"cond-expr","locations":[{"start":{"line":38,"column":39},"end":{"line":38,"column":67}},{"start":{"line":38,"column":70},"end":{"line":38,"column":72}}],"line":38},"3":{"loc":{"start":{"line":39,"column":23},"end":{"line":39,"column":76}},"type":"cond-expr","locations":[{"start":{"line":39,"column":42},"end":{"line":39,"column":71}},{"start":{"line":39,"column":74},"end":{"line":39,"column":76}}],"line":39},"4":{"loc":{"start":{"line":40,"column":17},"end":{"line":40,"column":64}},"type":"cond-expr","locations":[{"start":{"line":40,"column":36},"end":{"line":40,"column":59}},{"start":{"line":40,"column":62},"end":{"line":40,"column":64}}],"line":40},"5":{"loc":{"start":{"line":41,"column":24},"end":{"line":41,"column":72}},"type":"cond-expr","locations":[{"start":{"line":41,"column":43},"end":{"line":41,"column":67}},{"start":{"line":41,"column":70},"end":{"line":41,"column":72}}],"line":41},"6":{"loc":{"start":{"line":42,"column":25},"end":{"line":42,"column":74}},"type":"cond-expr","locations":[{"start":{"line":42,"column":44},"end":{"line":42,"column":69}},{"start":{"line":42,"column":72},"end":{"line":42,"column":74}}],"line":42},"7":{"loc":{"start":{"line":47,"column":10},"end":{"line":72,"column":11}},"type":"if","locations":[{"start":{"line":47,"column":10},"end":{"line":72,"column":11}},{"start":{"line":68,"column":17},"end":{"line":72,"column":11}}],"line":47},"8":{"loc":{"start":{"line":51,"column":16},"end":{"line":62,"column":24}},"type":"cond-expr","locations":[{"start":{"line":52,"column":20},"end":{"line":61,"column":21}},{"start":{"line":62,"column":20},"end":{"line":62,"column":24}}],"line":51},"9":{"loc":{"start":{"line":86,"column":15},"end":{"line":88,"column":15}},"type":"binary-expr","locations":[{"start":{"line":86,"column":15},"end":{"line":86,"column":32}},{"start":{"line":86,"column":36},"end":{"line":86,"column":54}},{"start":{"line":87,"column":16},"end":{"line":87,"column":74}}],"line":86},"10":{"loc":{"start":{"line":99,"column":15},"end":{"line":101,"column":15}},"type":"binary-expr","locations":[{"start":{"line":99,"column":15},"end":{"line":99,"column":38}},{"start":{"line":99,"column":42},"end":{"line":99,"column":66}},{"start":{"line":100,"column":16},"end":{"line":100,"column":80}}],"line":99},"11":{"loc":{"start":{"line":113,"column":15},"end":{"line":115,"column":15}},"type":"binary-expr","locations":[{"start":{"line":113,"column":15},"end":{"line":113,"column":30}},{"start":{"line":113,"column":34},"end":{"line":113,"column":50}},{"start":{"line":114,"column":16},"end":{"line":114,"column":72}}],"line":113},"12":{"loc":{"start":{"line":125,"column":15},"end":{"line":127,"column":15}},"type":"binary-expr","locations":[{"start":{"line":125,"column":15},"end":{"line":125,"column":33}},{"start":{"line":125,"column":37},"end":{"line":125,"column":56}},{"start":{"line":126,"column":16},"end":{"line":126,"column":75}}],"line":125},"13":{"loc":{"start":{"line":131,"column":15},"end":{"line":135,"column":22}},"type":"cond-expr","locations":[{"start":{"line":132,"column":16},"end":{"line":134,"column":22}},{"start":{"line":135,"column":18},"end":{"line":135,"column":22}}],"line":131},"14":{"loc":{"start":{"line":131,"column":15},"end":{"line":131,"column":57}},"type":"binary-expr","locations":[{"start":{"line":131,"column":15},"end":{"line":131,"column":28}},{"start":{"line":131,"column":32},"end":{"line":131,"column":57}}],"line":131},"15":{"loc":{"start":{"line":147,"column":15},"end":{"line":149,"column":15}},"type":"binary-expr","locations":[{"start":{"line":147,"column":15},"end":{"line":147,"column":34}},{"start":{"line":147,"column":38},"end":{"line":147,"column":58}},{"start":{"line":148,"column":16},"end":{"line":148,"column":76}}],"line":147},"16":{"loc":{"start":{"line":159,"column":15},"end":{"line":161,"column":15}},"type":"binary-expr","locations":[{"start":{"line":159,"column":15},"end":{"line":159,"column":35}},{"start":{"line":159,"column":39},"end":{"line":159,"column":60}},{"start":{"line":160,"column":16},"end":{"line":160,"column":77}}],"line":159},"17":{"loc":{"start":{"line":174,"column":15},"end":{"line":190,"column":15}},"type":"cond-expr","locations":[{"start":{"line":175,"column":16},"end":{"line":181,"column":25}},{"start":{"line":183,"column":16},"end":{"line":189,"column":25}}],"line":174}},"s":{"0":14,"1":14,"2":6,"3":6,"4":6,"5":6,"6":0,"7":0,"8":0,"9":0,"10":0,"11":0,"12":0,"13":0,"14":8,"15":0,"16":0},"f":{"0":6,"1":6,"2":0,"3":0,"4":0,"5":8,"6":0},"b":{"0":[0,6],"1":[0,6],"2":[0,6],"3":[0,6],"4":[0,6],"5":[0,6],"6":[0,6],"7":[0,0],"8":[0,0],"9":[8,0,0],"10":[8,0,0],"11":[8,0,0],"12":[8,0,0],"13":[0,8],"14":[8,0],"15":[8,0,0],"16":[8,0,0],"17":[0,8]},"_coverageSchema":"1a1c01bbd47fc00a2c39e90264f33305004495a9","hash":"a8dec881685c3878fb074c5b22966ba91ae4305c"}
,"D:\\projects\\webpack\\src\\components\\Modal\\Modal.jsx": {"path":"D:\\projects\\webpack\\src\\components\\Modal\\Modal.jsx","statementMap":{"0":{"start":{"line":14,"column":14},"end":{"line":53,"column":1}},"1":{"start":{"line":15,"column":19},"end":{"line":15,"column":32}},"2":{"start":{"line":16,"column":2},"end":{"line":22,"column":19}},"3":{"start":{"line":17,"column":4},"end":{"line":21,"column":5}},"4":{"start":{"line":18,"column":6},"end":{"line":18,"column":46}},"5":{"start":{"line":20,"column":6},"end":{"line":20,"column":45}},"6":{"start":{"line":24,"column":2},"end":{"line":52,"column":4}},"7":{"start":{"line":29,"column":8},"end":{"line":29,"column":29}},"8":{"start":{"line":30,"column":8},"end":{"line":30,"column":38}},"9":{"start":{"line":31,"column":8},"end":{"line":31,"column":33}},"10":{"start":{"line":32,"column":8},"end":{"line":32,"column":39}},"11":{"start":{"line":33,"column":8},"end":{"line":33,"column":41}},"12":{"start":{"line":36,"column":54},"end":{"line":36,"column":73}},"13":{"start":{"line":41,"column":12},"end":{"line":41,"column":33}},"14":{"start":{"line":42,"column":12},"end":{"line":42,"column":42}},"15":{"start":{"line":43,"column":12},"end":{"line":43,"column":37}},"16":{"start":{"line":44,"column":12},"end":{"line":44,"column":43}},"17":{"start":{"line":45,"column":12},"end":{"line":45,"column":45}}},"fnMap":{"0":{"name":"(anonymous_0)","decl":{"start":{"line":14,"column":14},"end":{"line":14,"column":15}},"loc":{"start":{"line":14,"column":59},"end":{"line":53,"column":1}},"line":14},"1":{"name":"(anonymous_1)","decl":{"start":{"line":16,"column":12},"end":{"line":16,"column":13}},"loc":{"start":{"line":16,"column":18},"end":{"line":22,"column":3}},"line":16},"2":{"name":"(anonymous_2)","decl":{"start":{"line":28,"column":15},"end":{"line":28,"column":16}},"loc":{"start":{"line":28,"column":21},"end":{"line":34,"column":7}},"line":28},"3":{"name":"(anonymous_3)","decl":{"start":{"line":36,"column":47},"end":{"line":36,"column":48}},"loc":{"start":{"line":36,"column":54},"end":{"line":36,"column":73}},"line":36},"4":{"name":"(anonymous_4)","decl":{"start":{"line":40,"column":19},"end":{"line":40,"column":20}},"loc":{"start":{"line":40,"column":25},"end":{"line":46,"column":11}},"line":40}},"branchMap":{"0":{"loc":{"start":{"line":17,"column":4},"end":{"line":21,"column":5}},"type":"if","locations":[{"start":{"line":17,"column":4},"end":{"line":21,"column":5}},{"start":{"line":19,"column":11},"end":{"line":21,"column":5}}],"line":17},"1":{"loc":{"start":{"line":26,"column":17},"end":{"line":26,"column":54}},"type":"cond-expr","locations":[{"start":{"line":26,"column":30},"end":{"line":26,"column":44}},{"start":{"line":26,"column":47},"end":{"line":26,"column":54}}],"line":26}},"s":{"0":14,"1":10,"2":10,"3":5,"4":1,"5":4,"6":10,"7":0,"8":0,"9":0,"10":0,"11":0,"12":0,"13":0,"14":0,"15":0,"16":0,"17":0},"f":{"0":10,"1":5,"2":0,"3":0,"4":0},"b":{"0":[1,4],"1":[1,9]},"_coverageSchema":"1a1c01bbd47fc00a2c39e90264f33305004495a9","hash":"b5b8cd45f7f8a869b9a93817d3981477ef9b43f0"}
,"D:\\projects\\webpack\\src\\components\\Modal\\NotificationModal.jsx": {"path":"D:\\projects\\webpack\\src\\components\\Modal\\NotificationModal.jsx","statementMap":{"0":{"start":{"line":9,"column":26},"end":{"line":39,"column":1}},"1":{"start":{"line":18,"column":19},"end":{"line":18,"column":32}},"2":{"start":{"line":19,"column":33},"end":{"line":19,"column":62}},"3":{"start":{"line":19,"column":56},"end":{"line":19,"column":61}},"4":{"start":{"line":21,"column":2},"end":{"line":38,"column":4}},"5":{"start":{"line":29,"column":12},"end":{"line":29,"column":54}},"6":{"start":{"line":30,"column":12},"end":{"line":30,"column":34}},"7":{"start":{"line":31,"column":12},"end":{"line":31,"column":73}},"8":{"start":{"line":31,"column":29},"end":{"line":31,"column":71}},"9":{"start":{"line":31,"column":51},"end":{"line":31,"column":70}}},"fnMap":{"0":{"name":"(anonymous_0)","decl":{"start":{"line":9,"column":26},"end":{"line":9,"column":27}},"loc":{"start":{"line":17,"column":6},"end":{"line":39,"column":1}},"line":17},"1":{"name":"(anonymous_1)","decl":{"start":{"line":19,"column":45},"end":{"line":19,"column":46}},"loc":{"start":{"line":19,"column":56},"end":{"line":19,"column":61}},"line":19},"2":{"name":"(anonymous_2)","decl":{"start":{"line":28,"column":19},"end":{"line":28,"column":20}},"loc":{"start":{"line":28,"column":25},"end":{"line":32,"column":11}},"line":28},"3":{"name":"(anonymous_3)","decl":{"start":{"line":31,"column":19},"end":{"line":31,"column":20}},"loc":{"start":{"line":31,"column":29},"end":{"line":31,"column":71}},"line":31},"4":{"name":"(anonymous_4)","decl":{"start":{"line":31,"column":41},"end":{"line":31,"column":42}},"loc":{"start":{"line":31,"column":51},"end":{"line":31,"column":70}},"line":31}},"branchMap":{"0":{"loc":{"start":{"line":23,"column":7},"end":{"line":23,"column":73}},"type":"binary-expr","locations":[{"start":{"line":23,"column":7},"end":{"line":23,"column":14}},{"start":{"line":23,"column":18},"end":{"line":23,"column":73}}],"line":23},"1":{"loc":{"start":{"line":26,"column":7},"end":{"line":36,"column":7}},"type":"binary-expr","locations":[{"start":{"line":26,"column":7},"end":{"line":26,"column":13}},{"start":{"line":27,"column":8},"end":{"line":35,"column":17}}],"line":26}},"s":{"0":14,"1":3,"2":3,"3":3,"4":3,"5":0,"6":0,"7":0,"8":0,"9":0},"f":{"0":3,"1":3,"2":0,"3":0,"4":0},"b":{"0":[3,0],"1":[3,3]},"_coverageSchema":"1a1c01bbd47fc00a2c39e90264f33305004495a9","hash":"5742861563a8ffbdb42b7a8e81239455a7c5ad3e"}
,"D:\\projects\\webpack\\src\\custom hook\\useFetch.js": {"path":"D:\\projects\\webpack\\src\\custom hook\\useFetch.js","statementMap":{"0":{"start":{"line":6,"column":26},"end":{"line":6,"column":36}},"1":{"start":{"line":7,"column":17},"end":{"line":7,"column":28}},"2":{"start":{"line":8,"column":31},"end":{"line":8,"column":44}},"3":{"start":{"line":9,"column":25},"end":{"line":9,"column":42}},"4":{"start":{"line":10,"column":28},"end":{"line":10,"column":65}},"5":{"start":{"line":12,"column":20},"end":{"line":16,"column":3}},"6":{"start":{"line":13,"column":4},"end":{"line":15,"column":42}},"7":{"start":{"line":14,"column":21},"end":{"line":14,"column":31}},"8":{"start":{"line":15,"column":22},"end":{"line":15,"column":40}},"9":{"start":{"line":18,"column":2},"end":{"line":41,"column":25}},"10":{"start":{"line":19,"column":4},"end":{"line":40,"column":5}},"11":{"start":{"line":23,"column":6},"end":{"line":23,"column":55}},"12":{"start":{"line":25,"column":6},"end":{"line":39,"column":7}},"13":{"start":{"line":26,"column":8},"end":{"line":26,"column":54}},"14":{"start":{"line":27,"column":13},"end":{"line":39,"column":7}},"15":{"start":{"line":28,"column":8},"end":{"line":32,"column":10}},"16":{"start":{"line":33,"column":13},"end":{"line":39,"column":7}},"17":{"start":{"line":34,"column":8},"end":{"line":36,"column":10}},"18":{"start":{"line":37,"column":13},"end":{"line":39,"column":7}},"19":{"start":{"line":38,"column":8},"end":{"line":38,"column":54}},"20":{"start":{"line":43,"column":2},"end":{"line":43,"column":25}}},"fnMap":{"0":{"name":"useFetch","decl":{"start":{"line":5,"column":9},"end":{"line":5,"column":17}},"loc":{"start":{"line":5,"column":20},"end":{"line":44,"column":1}},"line":5},"1":{"name":"(anonymous_1)","decl":{"start":{"line":12,"column":20},"end":{"line":12,"column":21}},"loc":{"start":{"line":12,"column":32},"end":{"line":16,"column":3}},"line":12},"2":{"name":"(anonymous_2)","decl":{"start":{"line":14,"column":12},"end":{"line":14,"column":13}},"loc":{"start":{"line":14,"column":21},"end":{"line":14,"column":31}},"line":14},"3":{"name":"(anonymous_3)","decl":{"start":{"line":15,"column":12},"end":{"line":15,"column":13}},"loc":{"start":{"line":15,"column":22},"end":{"line":15,"column":40}},"line":15},"4":{"name":"(anonymous_4)","decl":{"start":{"line":18,"column":12},"end":{"line":18,"column":13}},"loc":{"start":{"line":18,"column":18},"end":{"line":41,"column":3}},"line":18}},"branchMap":{"0":{"loc":{"start":{"line":19,"column":4},"end":{"line":40,"column":5}},"type":"if","locations":[{"start":{"line":19,"column":4},"end":{"line":40,"column":5}},{"start":{"line":24,"column":11},"end":{"line":40,"column":5}}],"line":19},"1":{"loc":{"start":{"line":20,"column":6},"end":{"line":21,"column":38}},"type":"binary-expr","locations":[{"start":{"line":20,"column":7},"end":{"line":20,"column":14}},{"start":{"line":20,"column":18},"end":{"line":20,"column":49}},{"start":{"line":21,"column":6},"end":{"line":21,"column":38}}],"line":20},"2":{"loc":{"start":{"line":25,"column":6},"end":{"line":39,"column":7}},"type":"if","locations":[{"start":{"line":25,"column":6},"end":{"line":39,"column":7}},{"start":{"line":27,"column":13},"end":{"line":39,"column":7}}],"line":25},"3":{"loc":{"start":{"line":27,"column":13},"end":{"line":39,"column":7}},"type":"if","locations":[{"start":{"line":27,"column":13},"end":{"line":39,"column":7}},{"start":{"line":33,"column":13},"end":{"line":39,"column":7}}],"line":27},"4":{"loc":{"start":{"line":27,"column":17},"end":{"line":27,"column":43}},"type":"binary-expr","locations":[{"start":{"line":27,"column":17},"end":{"line":27,"column":33}},{"start":{"line":27,"column":37},"end":{"line":27,"column":43}}],"line":27},"5":{"loc":{"start":{"line":33,"column":13},"end":{"line":39,"column":7}},"type":"if","locations":[{"start":{"line":33,"column":13},"end":{"line":39,"column":7}},{"start":{"line":37,"column":13},"end":{"line":39,"column":7}}],"line":33},"6":{"loc":{"start":{"line":37,"column":13},"end":{"line":39,"column":7}},"type":"if","locations":[{"start":{"line":37,"column":13},"end":{"line":39,"column":7}},{"start":{},"end":{}}],"line":37}},"s":{"0":1,"1":1,"2":1,"3":1,"4":1,"5":1,"6":0,"7":0,"8":0,"9":1,"10":1,"11":0,"12":1,"13":0,"14":1,"15":0,"16":1,"17":0,"18":1,"19":0,"20":1},"f":{"0":1,"1":0,"2":0,"3":0,"4":1},"b":{"0":[0,1],"1":[1,1,1],"2":[0,1],"3":[0,1],"4":[1,0],"5":[0,1],"6":[0,1]},"_coverageSchema":"1a1c01bbd47fc00a2c39e90264f33305004495a9","hash":"907430a781b3022097b280135cb44ea9c10fec6f"}
,"D:\\projects\\webpack\\src\\redux\\action.js": {"path":"D:\\projects\\webpack\\src\\redux\\action.js","statementMap":{"0":{"start":{"line":2,"column":2},"end":{"line":5,"column":4}},"1":{"start":{"line":9,"column":2},"end":{"line":12,"column":4}},"2":{"start":{"line":16,"column":2},"end":{"line":18,"column":4}},"3":{"start":{"line":22,"column":2},"end":{"line":25,"column":4}},"4":{"start":{"line":29,"column":2},"end":{"line":32,"column":4}},"5":{"start":{"line":36,"column":2},"end":{"line":39,"column":4}},"6":{"start":{"line":43,"column":2},"end":{"line":46,"column":4}},"7":{"start":{"line":50,"column":2},"end":{"line":52,"column":4}},"8":{"start":{"line":56,"column":2},"end":{"line":58,"column":4}},"9":{"start":{"line":62,"column":2},"end":{"line":65,"column":4}}},"fnMap":{"0":{"name":"showMovie","decl":{"start":{"line":1,"column":16},"end":{"line":1,"column":25}},"loc":{"start":{"line":1,"column":32},"end":{"line":6,"column":1}},"line":1},"1":{"name":"clickMovie","decl":{"start":{"line":8,"column":16},"end":{"line":8,"column":26}},"loc":{"start":{"line":8,"column":34},"end":{"line":13,"column":1}},"line":8},"2":{"name":"resetClickedMovie","decl":{"start":{"line":15,"column":16},"end":{"line":15,"column":33}},"loc":{"start":{"line":15,"column":36},"end":{"line":19,"column":1}},"line":15},"3":{"name":"editClickedMovieById","decl":{"start":{"line":21,"column":16},"end":{"line":21,"column":36}},"loc":{"start":{"line":21,"column":41},"end":{"line":26,"column":1}},"line":21},"4":{"name":"onSuccessEdit","decl":{"start":{"line":28,"column":16},"end":{"line":28,"column":29}},"loc":{"start":{"line":28,"column":37},"end":{"line":33,"column":1}},"line":28},"5":{"name":"deleteClickedMovie","decl":{"start":{"line":35,"column":16},"end":{"line":35,"column":34}},"loc":{"start":{"line":35,"column":39},"end":{"line":40,"column":1}},"line":35},"6":{"name":"onSuccessDelete","decl":{"start":{"line":42,"column":16},"end":{"line":42,"column":31}},"loc":{"start":{"line":42,"column":39},"end":{"line":47,"column":1}},"line":42},"7":{"name":"onSuccess","decl":{"start":{"line":49,"column":16},"end":{"line":49,"column":25}},"loc":{"start":{"line":49,"column":28},"end":{"line":53,"column":1}},"line":49},"8":{"name":"resetSuccess","decl":{"start":{"line":55,"column":16},"end":{"line":55,"column":28}},"loc":{"start":{"line":55,"column":31},"end":{"line":59,"column":1}},"line":55},"9":{"name":"onError","decl":{"start":{"line":61,"column":16},"end":{"line":61,"column":23}},"loc":{"start":{"line":61,"column":29},"end":{"line":66,"column":1}},"line":61}},"branchMap":{},"s":{"0":1,"1":2,"2":1,"3":1,"4":1,"5":1,"6":1,"7":1,"8":1,"9":1},"f":{"0":1,"1":2,"2":1,"3":1,"4":1,"5":1,"6":1,"7":1,"8":1,"9":1},"b":{},"_coverageSchema":"1a1c01bbd47fc00a2c39e90264f33305004495a9","hash":"6862b4cb742d5561b8d714c69fa16a2da307d83c"}
,"D:\\projects\\webpack\\src\\redux\\reducer.js": {"path":"D:\\projects\\webpack\\src\\redux\\reducer.js","statementMap":{"0":{"start":{"line":1,"column":28},"end":{"line":16,"column":1}},"1":{"start":{"line":19,"column":2},"end":{"line":51,"column":3}},"2":{"start":{"line":21,"column":6},"end":{"line":21,"column":55}},"3":{"start":{"line":23,"column":6},"end":{"line":23,"column":56}},"4":{"start":{"line":25,"column":6},"end":{"line":25,"column":70}},"5":{"start":{"line":27,"column":6},"end":{"line":27,"column":60}},"6":{"start":{"line":29,"column":6},"end":{"line":29,"column":57}},"7":{"start":{"line":31,"column":6},"end":{"line":31,"column":62}},"8":{"start":{"line":33,"column":6},"end":{"line":33,"column":59}},"9":{"start":{"line":35,"column":6},"end":{"line":39,"column":8}},"10":{"start":{"line":41,"column":6},"end":{"line":41,"column":44}},"11":{"start":{"line":43,"column":6},"end":{"line":47,"column":8}},"12":{"start":{"line":50,"column":6},"end":{"line":50,"column":19}}},"fnMap":{"0":{"name":"movieReducer","decl":{"start":{"line":18,"column":9},"end":{"line":18,"column":21}},"loc":{"start":{"line":18,"column":52},"end":{"line":52,"column":1}},"line":18}},"branchMap":{"0":{"loc":{"start":{"line":18,"column":22},"end":{"line":18,"column":42}},"type":"default-arg","locations":[{"start":{"line":18,"column":30},"end":{"line":18,"column":42}}],"line":18},"1":{"loc":{"start":{"line":19,"column":2},"end":{"line":51,"column":3}},"type":"switch","locations":[{"start":{"line":20,"column":4},"end":{"line":21,"column":55}},{"start":{"line":22,"column":4},"end":{"line":23,"column":56}},{"start":{"line":24,"column":4},"end":{"line":25,"column":70}},{"start":{"line":26,"column":4},"end":{"line":27,"column":60}},{"start":{"line":28,"column":4},"end":{"line":29,"column":57}},{"start":{"line":30,"column":4},"end":{"line":31,"column":62}},{"start":{"line":32,"column":4},"end":{"line":33,"column":59}},{"start":{"line":34,"column":4},"end":{"line":39,"column":8}},{"start":{"line":40,"column":4},"end":{"line":41,"column":44}},{"start":{"line":42,"column":4},"end":{"line":47,"column":8}},{"start":{"line":49,"column":4},"end":{"line":50,"column":19}}],"line":19}},"s":{"0":9,"1":20,"2":1,"3":2,"4":1,"5":1,"6":1,"7":1,"8":1,"9":1,"10":1,"11":1,"12":9},"f":{"0":20},"b":{"0":[8],"1":[1,2,1,1,1,1,1,1,1,1,9]},"_coverageSchema":"1a1c01bbd47fc00a2c39e90264f33305004495a9","hash":"0655c12ff7a4ff4cb6c830abd9da3f1eee1fe79a"}
,"D:\\projects\\webpack\\src\\redux\\store.js": {"path":"D:\\projects\\webpack\\src\\redux\\store.js","statementMap":{"0":{"start":{"line":5,"column":14},"end":{"line":8,"column":1}}},"fnMap":{},"branchMap":{},"s":{"0":8},"f":{},"b":{},"_coverageSchema":"1a1c01bbd47fc00a2c39e90264f33305004495a9","hash":"c127156ec159cef744b39e0d3e62ea03a8645d4f"}
,"D:\\projects\\webpack\\src\\thunk\\thunk.js": {"path":"D:\\projects\\webpack\\src\\thunk\\thunk.js","statementMap":{"0":{"start":{"line":13,"column":2},"end":{"line":20,"column":4}},"1":{"start":{"line":14,"column":4},"end":{"line":19,"column":40}},"2":{"start":{"line":17,"column":21},"end":{"line":17,"column":31}},"3":{"start":{"line":18,"column":22},"end":{"line":18,"column":52}},"4":{"start":{"line":19,"column":22},"end":{"line":19,"column":38}},"5":{"start":{"line":25,"column":2},"end":{"line":30,"column":4}},"6":{"start":{"line":26,"column":4},"end":{"line":29,"column":40}},"7":{"start":{"line":27,"column":21},"end":{"line":27,"column":31}},"8":{"start":{"line":28,"column":22},"end":{"line":28,"column":52}},"9":{"start":{"line":29,"column":22},"end":{"line":29,"column":38}},"10":{"start":{"line":44,"column":6},"end":{"line":44,"column":9}},"11":{"start":{"line":46,"column":2},"end":{"line":74,"column":4}},"12":{"start":{"line":47,"column":4},"end":{"line":73,"column":9}},"13":{"start":{"line":64,"column":8},"end":{"line":69,"column":9}},"14":{"start":{"line":65,"column":10},"end":{"line":65,"column":32}},"15":{"start":{"line":66,"column":10},"end":{"line":66,"column":32}},"16":{"start":{"line":68,"column":10},"end":{"line":68,"column":53}},"17":{"start":{"line":72,"column":8},"end":{"line":72,"column":25}},"18":{"start":{"line":88,"column":6},"end":{"line":88,"column":9}},"19":{"start":{"line":90,"column":2},"end":{"line":117,"column":4}},"20":{"start":{"line":91,"column":4},"end":{"line":116,"column":40}},"21":{"start":{"line":106,"column":8},"end":{"line":114,"column":9}},"22":{"start":{"line":107,"column":10},"end":{"line":107,"column":33}},"23":{"start":{"line":108,"column":10},"end":{"line":108,"column":40}},"24":{"start":{"line":109,"column":10},"end":{"line":109,"column":40}},"25":{"start":{"line":110,"column":10},"end":{"line":110,"column":32}},"26":{"start":{"line":112,"column":10},"end":{"line":112,"column":27}},"27":{"start":{"line":113,"column":10},"end":{"line":113,"column":33}},"28":{"start":{"line":116,"column":22},"end":{"line":116,"column":38}},"29":{"start":{"line":123,"column":2},"end":{"line":134,"column":4}},"30":{"start":{"line":124,"column":4},"end":{"line":133,"column":7}},"31":{"start":{"line":127,"column":6},"end":{"line":132,"column":7}},"32":{"start":{"line":128,"column":8},"end":{"line":128,"column":40}},"33":{"start":{"line":129,"column":8},"end":{"line":129,"column":30}},"34":{"start":{"line":131,"column":8},"end":{"line":131,"column":45}}},"fnMap":{"0":{"name":"fetchData","decl":{"start":{"line":12,"column":16},"end":{"line":12,"column":25}},"loc":{"start":{"line":12,"column":28},"end":{"line":21,"column":1}},"line":12},"1":{"name":"(anonymous_1)","decl":{"start":{"line":13,"column":9},"end":{"line":13,"column":10}},"loc":{"start":{"line":13,"column":23},"end":{"line":20,"column":3}},"line":13},"2":{"name":"(anonymous_2)","decl":{"start":{"line":17,"column":12},"end":{"line":17,"column":13}},"loc":{"start":{"line":17,"column":21},"end":{"line":17,"column":31}},"line":17},"3":{"name":"(anonymous_3)","decl":{"start":{"line":18,"column":12},"end":{"line":18,"column":13}},"loc":{"start":{"line":18,"column":22},"end":{"line":18,"column":52}},"line":18},"4":{"name":"(anonymous_4)","decl":{"start":{"line":19,"column":13},"end":{"line":19,"column":14}},"loc":{"start":{"line":19,"column":22},"end":{"line":19,"column":38}},"line":19},"5":{"name":"sortBy","decl":{"start":{"line":24,"column":16},"end":{"line":24,"column":22}},"loc":{"start":{"line":24,"column":28},"end":{"line":31,"column":1}},"line":24},"6":{"name":"(anonymous_6)","decl":{"start":{"line":25,"column":9},"end":{"line":25,"column":10}},"loc":{"start":{"line":25,"column":23},"end":{"line":30,"column":3}},"line":25},"7":{"name":"(anonymous_7)","decl":{"start":{"line":27,"column":12},"end":{"line":27,"column":13}},"loc":{"start":{"line":27,"column":21},"end":{"line":27,"column":31}},"line":27},"8":{"name":"(anonymous_8)","decl":{"start":{"line":28,"column":12},"end":{"line":28,"column":13}},"loc":{"start":{"line":28,"column":22},"end":{"line":28,"column":52}},"line":28},"9":{"name":"(anonymous_9)","decl":{"start":{"line":29,"column":13},"end":{"line":29,"column":14}},"loc":{"start":{"line":29,"column":22},"end":{"line":29,"column":38}},"line":29},"10":{"name":"postMovie","decl":{"start":{"line":35,"column":16},"end":{"line":35,"column":25}},"loc":{"start":{"line":35,"column":31},"end":{"line":75,"column":1}},"line":35},"11":{"name":"(anonymous_11)","decl":{"start":{"line":46,"column":9},"end":{"line":46,"column":10}},"loc":{"start":{"line":46,"column":23},"end":{"line":74,"column":3}},"line":46},"12":{"name":"(anonymous_12)","decl":{"start":{"line":63,"column":12},"end":{"line":63,"column":13}},"loc":{"start":{"line":63,"column":21},"end":{"line":70,"column":7}},"line":63},"13":{"name":"(anonymous_13)","decl":{"start":{"line":71,"column":13},"end":{"line":71,"column":14}},"loc":{"start":{"line":71,"column":22},"end":{"line":73,"column":7}},"line":71},"14":{"name":"editMovie","decl":{"start":{"line":79,"column":16},"end":{"line":79,"column":25}},"loc":{"start":{"line":79,"column":35},"end":{"line":118,"column":1}},"line":79},"15":{"name":"(anonymous_15)","decl":{"start":{"line":90,"column":9},"end":{"line":90,"column":10}},"loc":{"start":{"line":90,"column":23},"end":{"line":117,"column":3}},"line":90},"16":{"name":"(anonymous_16)","decl":{"start":{"line":105,"column":12},"end":{"line":105,"column":13}},"loc":{"start":{"line":105,"column":21},"end":{"line":115,"column":7}},"line":105},"17":{"name":"(anonymous_17)","decl":{"start":{"line":116,"column":13},"end":{"line":116,"column":14}},"loc":{"start":{"line":116,"column":22},"end":{"line":116,"column":38}},"line":116},"18":{"name":"deleteMovie","decl":{"start":{"line":122,"column":16},"end":{"line":122,"column":27}},"loc":{"start":{"line":122,"column":32},"end":{"line":135,"column":1}},"line":122},"19":{"name":"(anonymous_19)","decl":{"start":{"line":123,"column":9},"end":{"line":123,"column":10}},"loc":{"start":{"line":123,"column":23},"end":{"line":134,"column":3}},"line":123},"20":{"name":"(anonymous_20)","decl":{"start":{"line":126,"column":12},"end":{"line":126,"column":13}},"loc":{"start":{"line":126,"column":21},"end":{"line":133,"column":5}},"line":126}},"branchMap":{"0":{"loc":{"start":{"line":64,"column":8},"end":{"line":69,"column":9}},"type":"if","locations":[{"start":{"line":64,"column":8},"end":{"line":69,"column":9}},{"start":{"line":67,"column":15},"end":{"line":69,"column":9}}],"line":64},"1":{"loc":{"start":{"line":106,"column":8},"end":{"line":114,"column":9}},"type":"if","locations":[{"start":{"line":106,"column":8},"end":{"line":114,"column":9}},{"start":{"line":111,"column":15},"end":{"line":114,"column":9}}],"line":106},"2":{"loc":{"start":{"line":127,"column":6},"end":{"line":132,"column":7}},"type":"if","locations":[{"start":{"line":127,"column":6},"end":{"line":132,"column":7}},{"start":{"line":130,"column":13},"end":{"line":132,"column":7}}],"line":127}},"s":{"0":1,"1":0,"2":0,"3":0,"4":0,"5":1,"6":0,"7":0,"8":0,"9":0,"10":1,"11":1,"12":0,"13":0,"14":0,"15":0,"16":0,"17":0,"18":1,"19":1,"20":0,"21":0,"22":0,"23":0,"24":0,"25":0,"26":0,"27":0,"28":0,"29":1,"30":0,"31":0,"32":0,"33":0,"34":0},"f":{"0":1,"1":0,"2":0,"3":0,"4":0,"5":1,"6":0,"7":0,"8":0,"9":0,"10":1,"11":0,"12":0,"13":0,"14":1,"15":0,"16":0,"17":0,"18":1,"19":0,"20":0},"b":{"0":[0,0],"1":[0,0],"2":[0,0]},"_coverageSchema":"1a1c01bbd47fc00a2c39e90264f33305004495a9","hash":"2b4068853a0b69be23ab913a6afd4f80cee26baa"}
}
