TN:
SF:fileMock.js
FNF:0
FNH:0
DA:1,14
LF:1
LH:1
BRF:0
BRH:0
end_of_record
TN:
SF:styleMock.js
FNF:0
FNH:0
DA:1,14
LF:1
LH:1
BRF:0
BRH:0
end_of_record
TN:
SF:src\components\index.js
FNF:0
FNH:0
LF:0
LH:0
BRF:0
BRH:0
end_of_record
TN:
SF:src\components\Error\Error.jsx
FN:4,(anonymous_0)
FN:9,(anonymous_1)
FN:13,(anonymous_2)
FNF:3
FNH:2
FNDA:1,(anonymous_0)
FNDA:0,(anonymous_1)
FNDA:1,(anonymous_2)
DA:5,1
DA:6,1
DA:10,0
DA:14,1
DA:15,0
DA:18,1
LF:6
LH:4
BRDA:14,0,0,0
BRDA:14,0,1,1
BRF:2
BRH:1
end_of_record
TN:
SF:src\components\Footer\Footer.jsx
FN:5,(anonymous_0)
FNF:1
FNH:1
FNDA:1,(anonymous_0)
DA:5,14
DA:6,1
LF:2
LH:2
BRF:0
BRH:0
end_of_record
TN:
SF:src\components\Header\ClickedPoster.jsx
FN:7,(anonymous_0)
FN:11,(anonymous_1)
FN:13,(anonymous_2)
FN:14,(anonymous_3)
FNF:4
FNH:0
FNDA:0,(anonymous_0)
FNDA:0,(anonymous_1)
FNDA:0,(anonymous_2)
FNDA:0,(anonymous_3)
DA:7,14
DA:8,0
DA:9,0
DA:11,0
DA:12,0
DA:13,0
DA:15,0
DA:19,0
DA:20,0
DA:60,0
LF:10
LH:1
BRDA:19,0,0,0
BRDA:19,0,1,0
BRDA:24,1,0,0
BRDA:24,1,1,0
BRDA:46,2,0,0
BRDA:46,2,1,0
BRDA:64,3,0,0
BRDA:64,3,1,0
BRDA:84,4,0,0
BRDA:84,4,1,0
BRF:10
BRH:0
end_of_record
TN:
SF:src\components\Header\Header.jsx
FN:11,(anonymous_0)
FN:13,(anonymous_1)
FN:16,(anonymous_2)
FN:20,(anonymous_3)
FNF:4
FNH:4
FNDA:2,(anonymous_0)
FNDA:2,(anonymous_1)
FNDA:1,(anonymous_2)
FNDA:1,(anonymous_3)
DA:11,14
DA:12,2
DA:13,2
DA:14,2
DA:15,2
DA:16,2
DA:17,2
DA:18,2
DA:20,2
DA:21,1
DA:27,2
LF:11
LH:11
BRDA:28,0,0,1
BRDA:28,0,1,1
BRF:2
BRH:2
end_of_record
TN:
SF:src\components\Header\Navbar.jsx
FN:11,(anonymous_0)
FN:36,(anonymous_1)
FNF:2
FNH:1
FNDA:6,(anonymous_0)
FNDA:0,(anonymous_1)
DA:11,14
DA:12,6
DA:13,6
DA:14,6
DA:37,0
DA:38,0
LF:6
LH:4
BRDA:23,0,0,6
BRDA:23,0,1,4
BRDA:31,1,0,6
BRDA:31,1,1,2
BRF:4
BRH:4
end_of_record
TN:
SF:src\components\Header\Search.jsx
FN:7,(anonymous_0)
FN:12,(anonymous_1)
FN:22,(anonymous_2)
FN:26,(anonymous_3)
FNF:4
FNH:4
FNDA:7,(anonymous_0)
FNDA:3,(anonymous_1)
FNDA:1,(anonymous_2)
FNDA:15,(anonymous_3)
DA:7,14
DA:8,7
DA:9,7
DA:10,7
DA:11,7
DA:12,7
DA:13,3
DA:16,7
DA:23,1
DA:27,15
LF:10
LH:10
BRDA:19,0,0,7
BRDA:19,0,1,7
BRF:2
BRH:2
end_of_record
TN:
SF:src\components\Helper\Button.jsx
FN:5,(anonymous_0)
FN:11,(anonymous_1)
FNF:2
FNH:2
FNDA:8,(anonymous_0)
FNDA:1,(anonymous_1)
DA:5,14
DA:6,8
DA:7,5
DA:11,1
DA:19,14
LF:5
LH:5
BRF:0
BRH:0
end_of_record
TN:
SF:src\components\Helper\InputForm.jsx
FN:3,(anonymous_0)
FNF:1
FNH:1
FNDA:41,(anonymous_0)
DA:3,14
DA:4,41
DA:6,41
LF:3
LH:3
BRF:0
BRH:0
end_of_record
TN:
SF:src\components\Helper\InputTextarea.jsx
FN:3,(anonymous_0)
FNF:1
FNH:1
FNDA:9,(anonymous_0)
DA:3,14
DA:4,9
DA:5,9
LF:3
LH:3
BRF:0
BRH:0
end_of_record
TN:
SF:src\components\Helper\Select.jsx
FN:8,(anonymous_0)
FN:10,(anonymous_1)
FN:20,(anonymous_2)
FN:20,(anonymous_3)
FN:27,(anonymous_4)
FNF:5
FNH:2
FNDA:9,(anonymous_0)
FNDA:9,(anonymous_1)
FNDA:0,(anonymous_2)
FNDA:0,(anonymous_3)
FNDA:0,(anonymous_4)
DA:8,14
DA:9,9
DA:10,9
DA:12,9
DA:20,0
DA:28,0
LF:6
LH:4
BRDA:23,0,0,9
BRDA:23,0,1,0
BRDA:25,1,0,9
BRDA:25,1,1,0
BRF:4
BRH:2
end_of_record
TN:
SF:src\components\Main\Genre.jsx
FN:9,(anonymous_0)
FN:10,(anonymous_1)
FN:19,(anonymous_2)
FN:24,(anonymous_3)
FN:31,(anonymous_4)
FNF:5
FNH:3
FNDA:1,(anonymous_0)
FNDA:1,(anonymous_1)
FNDA:0,(anonymous_2)
FNDA:4,(anonymous_3)
FNDA:0,(anonymous_4)
DA:9,14
DA:10,1
DA:11,1
DA:12,1
DA:13,1
DA:14,1
DA:19,0
DA:25,4
DA:32,0
LF:9
LH:7
BRDA:18,0,0,1
BRDA:18,0,1,0
BRDA:23,1,0,1
BRDA:23,1,1,1
BRDA:27,2,0,0
BRDA:27,2,1,4
BRF:6
BRH:4
end_of_record
TN:
SF:src\components\Main\Main.jsx
FN:8,(anonymous_0)
FNF:1
FNH:0
FNDA:0,(anonymous_0)
DA:8,14
DA:9,0
DA:10,0
LF:3
LH:1
BRF:0
BRH:0
end_of_record
TN:
SF:src\components\Main\MovieCard.jsx
FN:22,(anonymous_0)
FN:41,(anonymous_1)
FN:42,(anonymous_2)
FN:46,(anonymous_3)
FN:84,(anonymous_4)
FN:117,(anonymous_5)
FN:121,(anonymous_6)
FN:122,(anonymous_7)
FN:125,(anonymous_8)
FN:129,(anonymous_9)
FN:148,(anonymous_10)
FNF:11
FNH:4
FNDA:3,(anonymous_0)
FNDA:2,(anonymous_1)
FNDA:2,(anonymous_2)
FNDA:0,(anonymous_3)
FNDA:0,(anonymous_4)
FNDA:2,(anonymous_5)
FNDA:0,(anonymous_6)
FNDA:0,(anonymous_7)
FNDA:0,(anonymous_8)
FNDA:0,(anonymous_9)
FNDA:0,(anonymous_10)
DA:22,14
DA:33,3
DA:34,3
DA:35,3
DA:36,3
DA:37,3
DA:38,3
DA:39,3
DA:41,3
DA:42,2
DA:43,2
DA:46,3
DA:47,0
DA:48,0
DA:50,0
DA:51,0
DA:52,0
DA:54,0
DA:55,0
DA:56,0
DA:58,0
DA:61,3
DA:98,0
DA:117,2
DA:121,0
DA:122,0
DA:125,0
DA:130,0
DA:149,0
DA:162,14
LF:30
LH:15
BRDA:48,0,0,0
BRDA:48,0,1,0
BRDA:48,0,2,0
BRDA:120,1,0,3
BRDA:120,1,1,1
BRF:5
BRH:2
end_of_record
TN:
SF:src\components\Main\MovieList.jsx
FN:10,(anonymous_0)
FN:20,(anonymous_1)
FNF:2
FNH:1
FNDA:1,(anonymous_0)
FNDA:0,(anonymous_1)
DA:10,14
DA:11,1
DA:12,1
DA:21,0
LF:4
LH:3
BRDA:14,0,0,1
BRDA:14,0,1,0
BRDA:17,1,0,1
BRDA:17,1,1,0
BRF:4
BRH:2
end_of_record
TN:
SF:src\components\Main\Sort.jsx
FN:7,(anonymous_0)
FN:21,(anonymous_1)
FN:26,(anonymous_2)
FN:31,(anonymous_3)
FNF:4
FNH:2
FNDA:1,(anonymous_0)
FNDA:2,(anonymous_1)
FNDA:0,(anonymous_2)
FNDA:0,(anonymous_3)
DA:7,14
DA:8,1
DA:9,1
DA:11,1
DA:12,1
DA:17,1
DA:22,2
DA:26,0
DA:32,0
DA:37,0
LF:10
LH:7
BRDA:25,0,0,0
BRDA:25,0,1,2
BRDA:25,1,0,2
BRDA:25,1,1,0
BRF:4
BRH:2
end_of_record
TN:
SF:src\components\Modal\AddModal.jsx
FN:26,(anonymous_0)
FN:28,(anonymous_1)
FN:46,(anonymous_2)
FN:49,(anonymous_3)
FN:50,(anonymous_4)
FN:75,(anonymous_5)
FN:166,(anonymous_6)
FNF:7
FNH:3
FNDA:6,(anonymous_0)
FNDA:6,(anonymous_1)
FNDA:0,(anonymous_2)
FNDA:0,(anonymous_3)
FNDA:0,(anonymous_4)
FNDA:8,(anonymous_5)
FNDA:0,(anonymous_6)
DA:14,14
DA:26,14
DA:27,6
DA:28,6
DA:29,6
DA:47,0
DA:48,0
DA:49,0
DA:50,0
DA:51,0
DA:66,0
DA:67,0
DA:69,0
DA:76,8
DA:167,0
DA:168,0
LF:16
LH:6
BRDA:34,0,0,0
BRDA:34,0,1,6
BRDA:35,1,0,0
BRDA:35,1,1,6
BRDA:38,2,0,0
BRDA:38,2,1,6
BRDA:39,3,0,0
BRDA:39,3,1,6
BRDA:40,4,0,0
BRDA:40,4,1,6
BRDA:41,5,0,0
BRDA:41,5,1,6
BRDA:42,6,0,0
BRDA:42,6,1,6
BRDA:47,7,0,0
BRDA:47,7,1,0
BRDA:51,8,0,0
BRDA:51,8,1,0
BRDA:86,9,0,8
BRDA:86,9,1,0
BRDA:86,9,2,0
BRDA:99,10,0,8
BRDA:99,10,1,0
BRDA:99,10,2,0
BRDA:113,11,0,8
BRDA:113,11,1,0
BRDA:113,11,2,0
BRDA:125,12,0,8
BRDA:125,12,1,0
BRDA:125,12,2,0
BRDA:131,13,0,0
BRDA:131,13,1,8
BRDA:131,14,0,8
BRDA:131,14,1,0
BRDA:147,15,0,8
BRDA:147,15,1,0
BRDA:147,15,2,0
BRDA:159,16,0,8
BRDA:159,16,1,0
BRDA:159,16,2,0
BRDA:174,17,0,0
BRDA:174,17,1,8
BRF:42
BRH:16
end_of_record
TN:
SF:src\components\Modal\Modal.jsx
FN:14,(anonymous_0)
FN:16,(anonymous_1)
FN:28,(anonymous_2)
FN:36,(anonymous_3)
FN:40,(anonymous_4)
FNF:5
FNH:2
FNDA:10,(anonymous_0)
FNDA:5,(anonymous_1)
FNDA:0,(anonymous_2)
FNDA:0,(anonymous_3)
FNDA:0,(anonymous_4)
DA:14,14
DA:15,10
DA:16,10
DA:17,5
DA:18,1
DA:20,4
DA:24,10
DA:29,0
DA:30,0
DA:31,0
DA:32,0
DA:33,0
DA:36,0
DA:41,0
DA:42,0
DA:43,0
DA:44,0
DA:45,0
LF:18
LH:7
BRDA:17,0,0,1
BRDA:17,0,1,4
BRDA:26,1,0,1
BRDA:26,1,1,9
BRF:4
BRH:4
end_of_record
TN:
SF:src\components\Modal\NotificationModal.jsx
FN:9,(anonymous_0)
FN:19,(anonymous_1)
FN:28,(anonymous_2)
FN:31,(anonymous_3)
FN:31,(anonymous_4)
FNF:5
FNH:2
FNDA:3,(anonymous_0)
FNDA:3,(anonymous_1)
FNDA:0,(anonymous_2)
FNDA:0,(anonymous_3)
FNDA:0,(anonymous_4)
DA:9,14
DA:18,3
DA:19,3
DA:21,3
DA:29,0
DA:30,0
DA:31,0
LF:7
LH:4
BRDA:23,0,0,3
BRDA:23,0,1,0
BRDA:26,1,0,3
BRDA:26,1,1,3
BRF:4
BRH:3
end_of_record
TN:
SF:src\custom hook\useFetch.js
FN:5,useFetch
FN:12,(anonymous_1)
FN:14,(anonymous_2)
FN:15,(anonymous_3)
FN:18,(anonymous_4)
FNF:5
FNH:2
FNDA:1,useFetch
FNDA:0,(anonymous_1)
FNDA:0,(anonymous_2)
FNDA:0,(anonymous_3)
FNDA:1,(anonymous_4)
DA:6,1
DA:7,1
DA:8,1
DA:9,1
DA:10,1
DA:12,1
DA:13,0
DA:14,0
DA:15,0
DA:18,1
DA:19,1
DA:23,0
DA:25,1
DA:26,0
DA:27,1
DA:28,0
DA:33,1
DA:34,0
DA:37,1
DA:38,0
DA:43,1
LF:21
LH:13
BRDA:19,0,0,0
BRDA:19,0,1,1
BRDA:20,1,0,1
BRDA:20,1,1,1
BRDA:20,1,2,1
BRDA:25,2,0,0
BRDA:25,2,1,1
BRDA:27,3,0,0
BRDA:27,3,1,1
BRDA:27,4,0,1
BRDA:27,4,1,0
BRDA:33,5,0,0
BRDA:33,5,1,1
BRDA:37,6,0,0
BRDA:37,6,1,1
BRF:15
BRH:9
end_of_record
TN:
SF:src\redux\action.js
FN:1,showMovie
FN:8,clickMovie
FN:15,resetClickedMovie
FN:21,editClickedMovieById
FN:28,onSuccessEdit
FN:35,deleteClickedMovie
FN:42,onSuccessDelete
FN:49,onSuccess
FN:55,resetSuccess
FN:61,onError
FNF:10
FNH:10
FNDA:1,showMovie
FNDA:2,clickMovie
FNDA:1,resetClickedMovie
FNDA:1,editClickedMovieById
FNDA:1,onSuccessEdit
FNDA:1,deleteClickedMovie
FNDA:1,onSuccessDelete
FNDA:1,onSuccess
FNDA:1,resetSuccess
FNDA:1,onError
DA:2,1
DA:9,2
DA:16,1
DA:22,1
DA:29,1
DA:36,1
DA:43,1
DA:50,1
DA:56,1
DA:62,1
LF:10
LH:10
BRF:0
BRH:0
end_of_record
TN:
SF:src\redux\reducer.js
FN:18,movieReducer
FNF:1
FNH:1
FNDA:20,movieReducer
DA:1,9
DA:19,20
DA:21,1
DA:23,2
DA:25,1
DA:27,1
DA:29,1
DA:31,1
DA:33,1
DA:35,1
DA:41,1
DA:43,1
DA:50,9
LF:13
LH:13
BRDA:18,0,0,8
BRDA:19,1,0,1
BRDA:19,1,1,2
BRDA:19,1,2,1
BRDA:19,1,3,1
BRDA:19,1,4,1
BRDA:19,1,5,1
BRDA:19,1,6,1
BRDA:19,1,7,1
BRDA:19,1,8,1
BRDA:19,1,9,1
BRDA:19,1,10,9
BRF:12
BRH:12
end_of_record
TN:
SF:src\redux\store.js
FNF:0
FNH:0
DA:5,8
LF:1
LH:1
BRF:0
BRH:0
end_of_record
TN:
SF:src\thunk\thunk.js
FN:12,fetchData
FN:13,(anonymous_1)
FN:17,(anonymous_2)
FN:18,(anonymous_3)
FN:19,(anonymous_4)
FN:24,sortBy
FN:25,(anonymous_6)
FN:27,(anonymous_7)
FN:28,(anonymous_8)
FN:29,(anonymous_9)
FN:35,postMovie
FN:46,(anonymous_11)
FN:63,(anonymous_12)
FN:71,(anonymous_13)
FN:79,editMovie
FN:90,(anonymous_15)
FN:105,(anonymous_16)
FN:116,(anonymous_17)
FN:122,deleteMovie
FN:123,(anonymous_19)
FN:126,(anonymous_20)
FNF:21
FNH:5
FNDA:1,fetchData
FNDA:0,(anonymous_1)
FNDA:0,(anonymous_2)
FNDA:0,(anonymous_3)
FNDA:0,(anonymous_4)
FNDA:1,sortBy
FNDA:0,(anonymous_6)
FNDA:0,(anonymous_7)
FNDA:0,(anonymous_8)
FNDA:0,(anonymous_9)
FNDA:1,postMovie
FNDA:0,(anonymous_11)
FNDA:0,(anonymous_12)
FNDA:0,(anonymous_13)
FNDA:1,editMovie
FNDA:0,(anonymous_15)
FNDA:0,(anonymous_16)
FNDA:0,(anonymous_17)
FNDA:1,deleteMovie
FNDA:0,(anonymous_19)
FNDA:0,(anonymous_20)
DA:13,1
DA:14,0
DA:17,0
DA:18,0
DA:19,0
DA:25,1
DA:26,0
DA:27,0
DA:28,0
DA:29,0
DA:44,1
DA:46,1
DA:47,0
DA:64,0
DA:65,0
DA:66,0
DA:68,0
DA:72,0
DA:88,1
DA:90,1
DA:91,0
DA:106,0
DA:107,0
DA:108,0
DA:109,0
DA:110,0
DA:112,0
DA:113,0
DA:116,0
DA:123,1
DA:124,0
DA:127,0
DA:128,0
DA:129,0
DA:131,0
LF:35
LH:7
BRDA:64,0,0,0
BRDA:64,0,1,0
BRDA:106,1,0,0
BRDA:106,1,1,0
BRDA:127,2,0,0
BRDA:127,2,1,0
BRF:6
BRH:0
end_of_record
